# JRE version: Java(TM) SE Runtime Environment (8.0_191-b12) (build 1.8.0_191-b12)
# Java VM: Java HotSpot(TM) Client VM (25.191-b12 mixed mode windows-x86 )
Heap:
 def new generation   total 39424K, used 18281K [0x05400000, 0x07ec0000, 0x0fea0000)
  eden space 35072K,  50% used [0x05400000, 0x0654e5f8, 0x07640000)
  from space 4352K,  12% used [0x07640000, 0x076cbe10, 0x07a80000)
  to   space 4352K,   0% used [0x07a80000, 0x07a80000, 0x07ec0000)
 tenured generation   total 87424K, used 64210K [0x0fea0000, 0x15400000, 0x25400000)
   the space 87424K,  73% used [0x0fea0000, 0x13d54990, 0x13d54a00, 0x15400000)
 Metaspace       used 21776K, capacity 22452K, committed 22528K, reserved 22912K
GC Heap History (10 events):
Event: 25716.377 GC heap before
{Heap before GC invocations=19 (full 2):
 def new generation   total 39424K, used 37143K [0x05400000, 0x07ec0000, 0x0fea0000)
  eden space 35072K, 100% used [0x05400000, 0x07640000, 0x07640000)
  from space 4352K,  47% used [0x07a80000, 0x07c85c90, 0x07ec0000)
  to   space 4352K,   0% used [0x07640000, 0x07640000, 0x07a80000)
 tenured generation   total 87424K, used 62338K [0x0fea0000, 0x15400000, 0x25400000)
   the space 87424K,  71% used [0x0fea0000, 0x13b80938, 0x13b80a00, 0x15400000)
 Metaspace       used 21738K, capacity 22418K, committed 22528K, reserved 22912K
Event: 25716.391 GC heap after
Heap after GC invocations=20 (full 2):
 def new generation   total 39424K, used 3391K [0x05400000, 0x07ec0000, 0x0fea0000)
  eden space 35072K,   0% used [0x05400000, 0x05400000, 0x07640000)
  from space 4352K,  77% used [0x07640000, 0x0798fd28, 0x07a80000)
  to   space 4352K,   0% used [0x07a80000, 0x07a80000, 0x07ec0000)
 tenured generation   total 87424K, used 62338K [0x0fea0000, 0x15400000, 0x25400000)
   the space 87424K,  71% used [0x0fea0000, 0x13b80938, 0x13b80a00, 0x15400000)
 Metaspace       used 21738K, capacity 22418K, committed 22528K, reserved 22912K
}
Event: 25865.603 GC heap before
{Heap before GC invocations=20 (full 2):
 def new generation   total 39424K, used 38463K [0x05400000, 0x07ec0000, 0x0fea0000)
  eden space 35072K, 100% used [0x05400000, 0x07640000, 0x07640000)
  from space 4352K,  77% used [0x07640000, 0x0798fd28, 0x07a80000)
  to   space 4352K,   0% used [0x07a80000, 0x07a80000, 0x07ec0000)
 tenured generation   total 87424K, used 62338K [0x0fea0000, 0x15400000, 0x25400000)
   the space 87424K,  71% used [0x0fea0000, 0x13b80938, 0x13b80a00, 0x15400000)
 Metaspace       used 21762K, capacity 22452K, committed 22528K, reserved 22912K
Event: 25865.613 GC heap after
Heap after GC invocations=21 (full 2):
 def new generation   total 39424K, used 448K [0x05400000, 0x07ec0000, 0x0fea0000)
  eden space 35072K,   0% used [0x05400000, 0x05400000, 0x07640000)
  from space 4352K,  10% used [0x07a80000, 0x07af02d8, 0x07ec0000)
  to   space 4352K,   0% used [0x07640000, 0x07640000, 0x07a80000)
 tenured generation   total 87424K, used 64210K [0x0fea0000, 0x15400000, 0x25400000)
   the space 87424K,  73% used [0x0fea0000, 0x13d54990, 0x13d54a00, 0x15400000)
 Metaspace       used 21762K, capacity 22452K, committed 22528K, reserved 22912K
}
Event: 25958.514 GC heap before
{Heap before GC invocations=21 (full 2):
 def new generation   total 39424K, used 35520K [0x05400000, 0x07ec0000, 0x0fea0000)
  eden space 35072K, 100% used [0x05400000, 0x07640000, 0x07640000)
  from space 4352K,  10% used [0x07a80000, 0x07af02d8, 0x07ec0000)
  to   space 4352K,   0% used [0x07640000, 0x07640000, 0x07a80000)
 tenured generation   total 87424K, used 64210K [0x0fea0000, 0x15400000, 0x25400000)
   the space 87424K,  73% used [0x0fea0000, 0x13d54990, 0x13d54a00, 0x15400000)
 Metaspace       used 21762K, capacity 22452K, committed 22528K, reserved 22912K
Event: 25958.518 GC heap after
Heap after GC invocations=22 (full 2):
 def new generation   total 39424K, used 678K [0x05400000, 0x07ec0000, 0x0fea0000)
  eden space 35072K,   0% used [0x05400000, 0x05400000, 0x07640000)
  from space 4352K,  15% used [0x07640000, 0x076e99b0, 0x07a80000)
  to   space 4352K,   0% used [0x07a80000, 0x07a80000, 0x07ec0000)
 tenured generation   total 87424K, used 64210K [0x0fea0000, 0x15400000, 0x25400000)
   the space 87424K,  73% used [0x0fea0000, 0x13d54990, 0x13d54a00, 0x15400000)
 Metaspace       used 21762K, capacity 22452K, committed 22528K, reserved 22912K
}
Event: 28003.492 GC heap before
{Heap before GC invocations=22 (full 2):
 def new generation   total 39424K, used 35750K [0x05400000, 0x07ec0000, 0x0fea0000)
  eden space 35072K, 100% used [0x05400000, 0x07640000, 0x07640000)
  from space 4352K,  15% used [0x07640000, 0x076e99b0, 0x07a80000)
  to   space 4352K,   0% used [0x07a80000, 0x07a80000, 0x07ec0000)
 tenured generation   total 87424K, used 64210K [0x0fea0000, 0x15400000, 0x25400000)
   the space 87424K,  73% used [0x0fea0000, 0x13d54990, 0x13d54a00, 0x15400000)
 Metaspace       used 21762K, capacity 22452K, committed 22528K, reserved 22912K
Event: 28003.496 GC heap after
Heap after GC invocations=23 (full 2):
 def new generation   total 39424K, used 759K [0x05400000, 0x07ec0000, 0x0fea0000)
  eden space 35072K,   0% used [0x05400000, 0x05400000, 0x07640000)
  from space 4352K,  17% used [0x07a80000, 0x07b3df38, 0x07ec0000)
  to   space 4352K,   0% used [0x07640000, 0x07640000, 0x07a80000)
 tenured generation   total 87424K, used 64210K [0x0fea0000, 0x15400000, 0x25400000)
   the space 87424K,  73% used [0x0fea0000, 0x13d54990, 0x13d54a00, 0x15400000)
 Metaspace       used 21762K, capacity 22452K, committed 22528K, reserved 22912K
}
Event: 35910.681 GC heap before
{Heap before GC invocations=23 (full 2):
 def new generation   total 39424K, used 35831K [0x05400000, 0x07ec0000, 0x0fea0000)
  eden space 35072K, 100% used [0x05400000, 0x07640000, 0x07640000)
  from space 4352K,  17% used [0x07a80000, 0x07b3df38, 0x07ec0000)
  to   space 4352K,   0% used [0x07640000, 0x07640000, 0x07a80000)
 tenured generation   total 87424K, used 64210K [0x0fea0000, 0x15400000, 0x25400000)
   the space 87424K,  73% used [0x0fea0000, 0x13d54990, 0x13d54a00, 0x15400000)
 Metaspace       used 21762K, capacity 22452K, committed 22528K, reserved 22912K
Event: 35910.686 GC heap after
Heap after GC invocations=24 (full 2):
 def new generation   total 39424K, used 559K [0x05400000, 0x07ec0000, 0x0fea0000)
  eden space 35072K,   0% used [0x05400000, 0x05400000, 0x07640000)
  from space 4352K,  12% used [0x07640000, 0x076cbe10, 0x07a80000)
  to   space 4352K,   0% used [0x07a80000, 0x07a80000, 0x07ec0000)
 tenured generation   total 87424K, used 64210K [0x0fea0000, 0x15400000, 0x25400000)
   the space 87424K,  73% used [0x0fea0000, 0x13d54990, 0x13d54a00, 0x15400000)
 Metaspace       used 21762K, capacity 22452K, committed 22528K, reserved 22912K
}

